<?xml version="1.0" encoding="UTF-8"?>
<!-- Generated by org.testng.reporters.JUnitXMLReporter -->
<testsuite ignored="0" hostname="ACER" failures="0" tests="7" name="Default test" time="10.907" errors="0" timestamp="2020-08-02T18:04:34 IST">
  <testcase classname="apitests.CrudOperation" name="addEmployee" time="7.185"/>
  <testcase classname="apitests.CrudOperation" name="getAllEmployees" time="0.277"/>
  <testcase classname="apitests.CrudOperation" name="getEmployeeDetail" time="0.195"/>
  <testcase classname="apitests.CrudOperation" name="getEmployeeDetailAndVerify" time="2.169"/>
  <testcase classname="apitests.CrudOperation" name="updateEmployee" time="0.229"/>
  <testcase classname="apitests.CrudOperation" name="verifyEmployeeDetail" time="0.346"/>
  <testcase classname="apitests.CrudOperation" name="deleteEmployee" time="0.198"/>
</testsuite> <!-- Default test -->
